<?xml version="1.0" encoding="UTF-8"?>
<testng-results ignored="0" total="2" passed="2" failed="0" skipped="0">
  <reporter-output>
  </reporter-output>
  <suite started-at="2022-04-15T23:33:40 IST" name="Default suite" finished-at="2022-04-15T23:35:11 IST" duration-ms="91082">
    <groups>
    </groups>
    <test started-at="2022-04-15T23:33:40 IST" name="Default test" finished-at="2022-04-15T23:35:11 IST" duration-ms="91082">
      <class name="com.module.orangeHrm.tests.BasicTestCase">
        <test-method is-config="true" signature="setup()[pri:0, instance:com.module.orangeHrm.tests.BasicTestCase@21f9277b]" started-at="2022-04-15T23:33:40 IST" name="setup" finished-at="2022-04-15T23:33:59 IST" duration-ms="18722" status="PASS">
          <reporter-output>
          </reporter-output>
        </test-method> <!-- setup -->
        <test-method is-config="true" signature="toLoginAsAdmin()[pri:0, instance:com.module.orangeHrm.tests.BasicTestCase@21f9277b]" started-at="2022-04-15T23:33:59 IST" name="toLoginAsAdmin" finished-at="2022-04-15T23:34:05 IST" duration-ms="6111" status="PASS">
          <reporter-output>
          </reporter-output>
        </test-method> <!-- toLoginAsAdmin -->
        <test-method signature="createANewCandidateProfile()[pri:1, instance:com.module.orangeHrm.tests.BasicTestCase@21f9277b]" started-at="2022-04-15T23:34:05 IST" name="createANewCandidateProfile" description="Creating canditate details" finished-at="2022-04-15T23:34:33 IST" duration-ms="27951" status="PASS">
          <reporter-output>
          </reporter-output>
        </test-method> <!-- createANewCandidateProfile -->
        <test-method is-config="true" signature="setup()[pri:0, instance:com.module.orangeHrm.tests.BasicTestCase@21f9277b]" started-at="2022-04-15T23:34:33 IST" name="setup" finished-at="2022-04-15T23:34:41 IST" duration-ms="7718" status="PASS">
          <reporter-output>
          </reporter-output>
        </test-method> <!-- setup -->
        <test-method is-config="true" signature="toLoginAsAdmin()[pri:0, instance:com.module.orangeHrm.tests.BasicTestCase@21f9277b]" started-at="2022-04-15T23:34:41 IST" name="toLoginAsAdmin" finished-at="2022-04-15T23:34:47 IST" duration-ms="5703" status="PASS">
          <reporter-output>
          </reporter-output>
        </test-method> <!-- toLoginAsAdmin -->
        <test-method signature="enter_userDetails()[pri:0, instance:com.module.orangeHrm.tests.BasicTestCase@21f9277b]" started-at="2022-04-15T23:34:47 IST" name="enter_userDetails" description="Downloading the resume" finished-at="2022-04-15T23:35:11 IST" duration-ms="24662" status="PASS">
          <reporter-output>
          </reporter-output>
        </test-method> <!-- enter_userDetails -->
        <test-method is-config="true" signature="close()[pri:0, instance:com.module.orangeHrm.tests.BasicTestCase@21f9277b]" started-at="2022-04-15T23:35:11 IST" name="close" finished-at="2022-04-15T23:35:11 IST" duration-ms="68" status="PASS">
          <reporter-output>
          </reporter-output>
        </test-method> <!-- close -->
      </class> <!-- com.module.orangeHrm.tests.BasicTestCase -->
    </test> <!-- Default test -->
  </suite> <!-- Default suite -->
</testng-results>
